0 info it worked if it ends with ok
1 verbose cli [ 'C:\\Program Files\\nodejs\\node.exe',
1 verbose cli   'C:\\Program Files\\nodejs\\node_modules\\npm\\bin\\npm-cli.js',
1 verbose cli   'run',
1 verbose cli   'api' ]
2 info using npm@4.1.2
3 info using node@v7.6.0
4 verbose run-script [ 'preapi', 'api', 'postapi' ]
5 info lifecycle react-app@1.0.0~preapi: react-app@1.0.0
6 silly lifecycle react-app@1.0.0~preapi: no script for preapi, continuing
7 info lifecycle react-app@1.0.0~api: react-app@1.0.0
8 verbose lifecycle react-app@1.0.0~api: unsafe-perm in lifecycle true
9 verbose lifecycle react-app@1.0.0~api: PATH: C:\Program Files\nodejs\node_modules\npm\bin\node-gyp-bin;D:\training\React training\codebase\react-app\node_modules\.bin;C:\Ruby23-x64\bin;C:\windows\system32;C:\windows;C:\windows\System32\Wbem;C:\windows\System32\WindowsPowerShell\v1.0\;C:\Program Files\Intel\WiFi\bin\;C:\Program Files\Common Files\Intel\WirelessCommon\;D:\ATG\ATG11.1\MySQL\win32\bin;C:\Program Files\TortoiseGit\bin;C:\Program Files\Git\cmd;D:\ATG SETUP\apache-maven-3.0.4\bin;C:\Program Files\Java\jdk1.7.0_121\bin;C:\Program Files\TortoiseSVN\bin;C:\Program Files\nodejs\;C:\Program Files (x86)\Brackets\command;C:\Program Files\Java\jdk1.7.0_121\bin;C:\Program Files\MongoDB\Server\3.4\bin;C:\Users\vsin96\AppData\Local\atom\bin;C:\Program Files (x86)\Microsoft VS Code\bin;C:\Users\vsin96\AppData\Local\Box\Box Edit\;C:\Users\vsin96\AppData\Roaming\npm
10 verbose lifecycle react-app@1.0.0~api: CWD: D:\training\React training\codebase\react-app
11 silly lifecycle react-app@1.0.0~api: Args: [ '/d /s /c', 'node server/api-server.js' ]
12 verbose stack Error: kill ENOSYS
12 verbose stack     at exports._errnoException (util.js:1028:11)
12 verbose stack     at process.kill (internal/process.js:173:13)
12 verbose stack     at process.listener (C:\Program Files\nodejs\node_modules\npm\node_modules\npmlog\node_modules\gauge\node_modules\signal-exit\index.js:95:15)
12 verbose stack     at emitNone (events.js:86:13)
12 verbose stack     at process.emit (events.js:186:7)
12 verbose stack     at processEmit (C:\Program Files\nodejs\node_modules\npm\node_modules\npmlog\node_modules\gauge\node_modules\signal-exit\index.js:155:32)
12 verbose stack     at Signal.wrap.onsignal (internal/process.js:200:44)
13 verbose cwd D:\training\React training\codebase\react-app
14 error Windows_NT 6.1.7601
15 error argv "C:\\Program Files\\nodejs\\node.exe" "C:\\Program Files\\nodejs\\node_modules\\npm\\bin\\npm-cli.js" "run" "api"
16 error node v7.6.0
17 error npm  v4.1.2
18 error code ENOSYS
19 error errno ENOSYS
20 error syscall kill
21 error kill ENOSYS
22 error If you need help, you may report this error at:
22 error     <https://github.com/npm/npm/issues>
23 verbose exit [ 1, true ]
